<?xml version="1.0" encoding="UTF-8"?>
<!-- Generated by org.testng.reporters.JUnitXMLReporter -->
<testsuite ignored="3" hostname="DESKTOP-UK1UHLE" failures="0" tests="1" name="Surefire test" time="192.889" errors="0" timestamp="2021-12-15T22:54:02 EET">
  <testcase classname="com.ss.ita.rozetka.test.FilterFunctionalityTest" name="verifyProductsCorrespondsToSelectedFilterOptions" time="181.597"/>
  <testcase classname="com.ss.ita.rozetka.test.FilterFunctionalityTest" name="verifyThatPriceFilterIsCorrect" time="0.0">
    <ignored/>
  </testcase> <!-- verifyThatPriceFilterIsCorrect -->
  <testcase classname="com.ss.ita.rozetka.test.FilterFunctionalityTest" name="verifyThatProductsQuantityWithTwoFiltersWillDecrease" time="0.0">
    <ignored/>
  </testcase> <!-- verifyThatProductsQuantityWithTwoFiltersWillDecrease -->
  <testcase classname="com.ss.ita.rozetka.test.FilterFunctionalityTest" name="verifyUserCanFilterProducts" time="0.0">
    <ignored/>
  </testcase> <!-- verifyUserCanFilterProducts -->
</testsuite> <!-- Surefire test -->
