<?xml version="1.0" encoding="UTF-8"?>
<!-- Generated by org.testng.reporters.JUnitXMLReporter -->
<testsuite ignored="5" hostname="DESKTOP-UK1UHLE" failures="0" tests="6" name="Taras Krasitskyi tests" time="1872.113" errors="0" timestamp="2021-12-16T10:56:22 EET">
  <testcase classname="com.ss.ita.rozetka.test.SideModalMenuTest" name="verifySideMenuModalOpensAndCloses" time="159.85"/>
  <testcase classname="com.ss.ita.rozetka.test.SearchFunctionalityTest" name="verifySearchHistoryText" time="251.578"/>
  <testcase classname="com.ss.ita.rozetka.test.SortProductsListTest" name="verifyCheapToExpensiveSorting" time="399.245"/>
  <testcase classname="com.ss.ita.rozetka.test.SortProductsListTest" name="verifyDiscountPriceAndOldPriceAreDisplayedCorrectly" time="527.037"/>
  <testcase classname="com.ss.ita.rozetka.test.SearchFunctionalityTest" name="verifySearchFromSearchHistory" time="1464.976"/>
  <testcase classname="com.ss.ita.rozetka.test.FilterFunctionalityTest" name="verifyProductsCorrespondsToSelectedFilterOptions" time="714.982"/>
  <testcase classname="com.ss.ita.rozetka.test.SideModalMenuTest" name="verifyChangingCity" time="0.0">
    <ignored/>
  </testcase> <!-- verifyChangingCity -->
  <testcase classname="com.ss.ita.rozetka.test.FilterFunctionalityTest" name="verifyThatPriceFilterIsCorrect" time="0.0">
    <ignored/>
  </testcase> <!-- verifyThatPriceFilterIsCorrect -->
  <testcase classname="com.ss.ita.rozetka.test.FilterFunctionalityTest" name="verifyThatProductsQuantityWithTwoFiltersWillDecrease" time="0.0">
    <ignored/>
  </testcase> <!-- verifyThatProductsQuantityWithTwoFiltersWillDecrease -->
  <testcase classname="com.ss.ita.rozetka.test.SearchFunctionalityTest" name="verifyXiaomiWillBeInSearchResult" time="0.0">
    <ignored/>
  </testcase> <!-- verifyXiaomiWillBeInSearchResult -->
  <testcase classname="com.ss.ita.rozetka.test.FilterFunctionalityTest" name="verifyUserCanFilterProducts" time="0.0">
    <ignored/>
  </testcase> <!-- verifyUserCanFilterProducts -->
</testsuite> <!-- Taras Krasitskyi tests -->
