<?xml version="1.0" encoding="UTF-8"?>
<testng-results ignored="5" total="11" passed="6" failed="0" skipped="0">
  <reporter-output>
  </reporter-output>
  <suite started-at="2021-12-16T10:25:09 EET" name="Taras Krasitskyi RozetkaAutomation suite" finished-at="2021-12-16T10:56:21 EET" duration-ms="1872113">
    <groups>
    </groups>
    <test started-at="2021-12-16T10:25:09 EET" name="Taras Krasitskyi tests" finished-at="2021-12-16T10:56:21 EET" duration-ms="1872113">
      <class name="com.ss.ita.rozetka.test.FilterFunctionalityTest">
        <test-method is-config="true" signature="setBrowser()[pri:0, instance:com.ss.ita.rozetka.test.FilterFunctionalityTest@3ac04654]" started-at="2021-12-16T10:44:18 EET" name="setBrowser" finished-at="2021-12-16T10:44:18 EET" duration-ms="4" status="PASS">
          <reporter-output>
          </reporter-output>
        </test-method> <!-- setBrowser -->
        <test-method signature="verifyProductsCorrespondsToSelectedFilterOptions()[pri:0, instance:com.ss.ita.rozetka.test.FilterFunctionalityTest@3ac04654]" started-at="2021-12-16T10:44:18 EET" name="verifyProductsCorrespondsToSelectedFilterOptions" finished-at="2021-12-16T10:56:13 EET" duration-ms="714982" status="PASS">
          <reporter-output>
          </reporter-output>
        </test-method> <!-- verifyProductsCorrespondsToSelectedFilterOptions -->
        <test-method is-config="true" signature="closeBrowser()[pri:0, instance:com.ss.ita.rozetka.test.FilterFunctionalityTest@3ac04654]" started-at="2021-12-16T10:56:14 EET" name="closeBrowser" finished-at="2021-12-16T10:56:21 EET" duration-ms="7367" status="PASS">
          <reporter-output>
          </reporter-output>
        </test-method> <!-- closeBrowser -->
      </class> <!-- com.ss.ita.rozetka.test.FilterFunctionalityTest -->
      <class name="com.ss.ita.rozetka.test.SearchFunctionalityTest">
        <test-method is-config="true" signature="setBrowser()[pri:0, instance:com.ss.ita.rozetka.test.SearchFunctionalityTest@d8948cd]" started-at="2021-12-16T10:25:09 EET" name="setBrowser" finished-at="2021-12-16T10:25:09 EET" duration-ms="438" status="PASS">
          <reporter-output>
          </reporter-output>
        </test-method> <!-- setBrowser -->
        <test-method signature="verifySearchHistoryText()[pri:0, instance:com.ss.ita.rozetka.test.SearchFunctionalityTest@d8948cd]" started-at="2021-12-16T10:25:10 EET" name="verifySearchHistoryText" finished-at="2021-12-16T10:29:21 EET" duration-ms="251578" status="PASS">
          <reporter-output>
          </reporter-output>
        </test-method> <!-- verifySearchHistoryText -->
        <test-method is-config="true" signature="closeBrowser()[pri:0, instance:com.ss.ita.rozetka.test.SearchFunctionalityTest@d8948cd]" started-at="2021-12-16T10:29:21 EET" name="closeBrowser" finished-at="2021-12-16T10:29:42 EET" duration-ms="20716" status="PASS">
          <reporter-output>
          </reporter-output>
        </test-method> <!-- closeBrowser -->
        <test-method signature="verifySearchFromSearchHistory()[pri:0, instance:com.ss.ita.rozetka.test.SearchFunctionalityTest@d8948cd]" started-at="2021-12-16T10:29:42 EET" name="verifySearchFromSearchHistory" finished-at="2021-12-16T10:54:07 EET" duration-ms="1464976" status="PASS">
          <reporter-output>
          </reporter-output>
        </test-method> <!-- verifySearchFromSearchHistory -->
        <test-method is-config="true" signature="closeBrowser()[pri:0, instance:com.ss.ita.rozetka.test.SearchFunctionalityTest@d8948cd]" started-at="2021-12-16T10:54:07 EET" name="closeBrowser" finished-at="2021-12-16T10:54:28 EET" duration-ms="20693" status="PASS">
          <reporter-output>
          </reporter-output>
        </test-method> <!-- closeBrowser -->
      </class> <!-- com.ss.ita.rozetka.test.SearchFunctionalityTest -->
      <class name="com.ss.ita.rozetka.test.SideModalMenuTest">
        <test-method is-config="true" signature="setBrowser()[pri:0, instance:com.ss.ita.rozetka.test.SideModalMenuTest@38eb2fb0]" started-at="2021-12-16T10:25:09 EET" name="setBrowser" finished-at="2021-12-16T10:25:09 EET" duration-ms="312" status="PASS">
          <reporter-output>
          </reporter-output>
        </test-method> <!-- setBrowser -->
        <test-method signature="verifySideMenuModalOpensAndCloses()[pri:0, instance:com.ss.ita.rozetka.test.SideModalMenuTest@38eb2fb0]" started-at="2021-12-16T10:25:09 EET" name="verifySideMenuModalOpensAndCloses" finished-at="2021-12-16T10:27:49 EET" duration-ms="159850" status="PASS">
          <reporter-output>
          </reporter-output>
        </test-method> <!-- verifySideMenuModalOpensAndCloses -->
        <test-method is-config="true" signature="closeBrowser()[pri:0, instance:com.ss.ita.rozetka.test.SideModalMenuTest@38eb2fb0]" started-at="2021-12-16T10:27:52 EET" name="closeBrowser" finished-at="2021-12-16T10:28:11 EET" duration-ms="18983" status="PASS">
          <reporter-output>
          </reporter-output>
        </test-method> <!-- closeBrowser -->
      </class> <!-- com.ss.ita.rozetka.test.SideModalMenuTest -->
      <class name="com.ss.ita.rozetka.test.SortProductsListTest">
        <test-method is-config="true" signature="setBrowser()[pri:0, instance:com.ss.ita.rozetka.test.SortProductsListTest@4567e53d]" started-at="2021-12-16T10:28:11 EET" name="setBrowser" finished-at="2021-12-16T10:28:11 EET" duration-ms="4" status="PASS">
          <reporter-output>
          </reporter-output>
        </test-method> <!-- setBrowser -->
        <test-method signature="verifyCheapToExpensiveSorting()[pri:0, instance:com.ss.ita.rozetka.test.SortProductsListTest@4567e53d]" started-at="2021-12-16T10:28:11 EET" name="verifyCheapToExpensiveSorting" finished-at="2021-12-16T10:34:50 EET" duration-ms="399245" status="PASS">
          <reporter-output>
          </reporter-output>
        </test-method> <!-- verifyCheapToExpensiveSorting -->
        <test-method is-config="true" signature="closeBrowser()[pri:0, instance:com.ss.ita.rozetka.test.SortProductsListTest@4567e53d]" started-at="2021-12-16T10:34:50 EET" name="closeBrowser" finished-at="2021-12-16T10:35:11 EET" duration-ms="20478" status="PASS">
          <reporter-output>
          </reporter-output>
        </test-method> <!-- closeBrowser -->
        <test-method signature="verifyDiscountPriceAndOldPriceAreDisplayedCorrectly()[pri:0, instance:com.ss.ita.rozetka.test.SortProductsListTest@4567e53d]" started-at="2021-12-16T10:35:11 EET" name="verifyDiscountPriceAndOldPriceAreDisplayedCorrectly" finished-at="2021-12-16T10:43:58 EET" duration-ms="527037" status="PASS">
          <reporter-output>
          </reporter-output>
        </test-method> <!-- verifyDiscountPriceAndOldPriceAreDisplayedCorrectly -->
        <test-method is-config="true" signature="closeBrowser()[pri:0, instance:com.ss.ita.rozetka.test.SortProductsListTest@4567e53d]" started-at="2021-12-16T10:43:58 EET" name="closeBrowser" finished-at="2021-12-16T10:44:18 EET" duration-ms="20487" status="PASS">
          <reporter-output>
          </reporter-output>
        </test-method> <!-- closeBrowser -->
      </class> <!-- com.ss.ita.rozetka.test.SortProductsListTest -->
    </test> <!-- Taras Krasitskyi tests -->
  </suite> <!-- Taras Krasitskyi RozetkaAutomation suite -->
</testng-results>
