<?xml version="1.0" encoding="UTF-8"?>
<testsuite xmlns:xsi="http://www.w3.org/2001/XMLSchema-instance" xsi:noNamespaceSchemaLocation="https://maven.apache.org/surefire/maven-surefire-plugin/xsd/surefire-test-report.xsd" name="com.ss.ita.rozetka.test.BasketTest" time="450.06" tests="3" errors="0" skipped="0" failures="1">
  <properties>
[...]
</properties>
  <testcase name="verifyAddProductFunctionality" classname="com.ss.ita.rozetka.test.BasketTest" time="251.121">
    <failure message="Element should not have text &quot;51998&quot; {By.xpath: //div[@class=&apos;cart-receipt__sum-price&apos;]/span[1]}&#10;Element: &apos;&lt;span&gt;51998&lt;/span&gt;&apos;&#10;Actual value: text=&quot;51998&quot;&#10;Screenshot: file:/D:/taras.krasitskyi/IntelliJProjects/Lv-630-TAQC-Java-project/RozetkaAutomation/build/reports/tests/1639330302018.0.png&#10;Page source: file:/D:/taras.krasitskyi/IntelliJProjects/Lv-630-TAQC-Java-project/RozetkaAutomation/build/reports/tests/1639330302018.0.html&#10;Timeout: 120 s." type="com.codeborne.selenide.ex.ElementShouldNot"><![CDATA[com.codeborne.selenide.ex.ElementShouldNot: 
Element should not have text "51998" {By.xpath: //div[@class='cart-receipt__sum-price']/span[1]}
Element: '<span>51998</span>'
Actual value: text="51998"
Screenshot: file:/D:/taras.krasitskyi/IntelliJProjects/Lv-630-TAQC-Java-project/RozetkaAutomation/build/reports/tests/1639330302018.0.png
Page source: file:/D:/taras.krasitskyi/IntelliJProjects/Lv-630-TAQC-Java-project/RozetkaAutomation/build/reports/tests/1639330302018.0.html
Timeout: 120 s.
	at com.ss.ita.rozetka.test.BasketTest.verifyAddProductFunctionality(BasketTest.java:100)
]]></failure>
    <system-err><![CDATA[SLF4J: Failed to load class "org.slf4j.impl.StaticLoggerBinder".
SLF4J: Defaulting to no-operation (NOP) logger implementation
SLF4J: See http://www.slf4j.org/codes.html#StaticLoggerBinder for further details.
log4j:WARN No appenders could be found for logger (io.netty.util.internal.logging.InternalLoggerFactory).
log4j:WARN Please initialize the log4j system properly.
log4j:WARN See http://logging.apache.org/log4j/1.2/faq.html#noconfig for more info.
1639330067539	geckodriver	INFO	Listening on 127.0.0.1:54160
1639330072106	mozrunner::runner	INFO	Running command: "C:\\Program Files\\Mozilla Firefox\\firefox.exe" "--marionette" "--remote-debugging-port" "55529" "-no-remote" "-profile" "C:\\Users\\User\\AppData\\Local\\Temp\\rust_mozprofileQVGJlX"
1639330080546	Marionette	INFO	Marionette enabled
console.warn: SearchSettings: "get: No settings file exists, new profile?" (new NotFoundError("Could not open the file at C:\\Users\\User\\AppData\\Local\\Temp\\rust_mozprofileQVGJlX\\search.json.mozlz4", (void 0)))
DevTools listening on ws://localhost:55529/devtools/browser/2978e546-1a35-45d8-87bf-8e9f34f7ef7d
1639330110544	Marionette	INFO	Listening on port 53471
1639330110924	RemoteAgent	WARN	TLS certificate errors will be ignored for this session
груд. 12, 2021 7:28:31 ПП org.openqa.selenium.remote.ProtocolHandshake createSession
INFO: Detected dialect: W3C
1639330127909	Marionette	WARN	TimedPromise timed out after 500 ms: stacktrace:
TimedPromise/<@chrome://remote/content/marionette/sync.js:238:19
TimedPromise@chrome://remote/content/marionette/sync.js:223:10
interaction.flushEventLoop@chrome://remote/content/marionette/interaction.js:431:10
webdriverClickElement@chrome://remote/content/marionette/interaction.js:179:31
1639330136153	Marionette	WARN	TimedPromise timed out after 500 ms: stacktrace:
TimedPromise/<@chrome://remote/content/marionette/sync.js:238:19
TimedPromise@chrome://remote/content/marionette/sync.js:223:10
interaction.flushEventLoop@chrome://remote/content/marionette/interaction.js:431:10
webdriverClickElement@chrome://remote/content/marionette/interaction.js:179:31
JavaScript error: https://storage.googleapis.com/workbox-cdn/releases/5.0.0/workbox-core.prod.js, line 1: Error: The open request was blocked and timed out
1639330164884	Marionette	WARN	TimedPromise timed out after 500 ms: stacktrace:
TimedPromise/<@chrome://remote/content/marionette/sync.js:238:19
TimedPromise@chrome://remote/content/marionette/sync.js:223:10
interaction.flushEventLoop@chrome://remote/content/marionette/interaction.js:431:10
webdriverClickElement@chrome://remote/content/marionette/interaction.js:179:31
1639330175227	Marionette	WARN	TimedPromise timed out after 500 ms: stacktrace:
TimedPromise/<@chrome://remote/content/marionette/sync.js:238:19
TimedPromise@chrome://remote/content/marionette/sync.js:223:10
interaction.flushEventLoop@chrome://remote/content/marionette/interaction.js:431:10
webdriverClickElement@chrome://remote/content/marionette/interaction.js:179:31
1639330179851	Marionette	WARN	TimedPromise timed out after 500 ms: stacktrace:
TimedPromise/<@chrome://remote/content/marionette/sync.js:238:19
TimedPromise@chrome://remote/content/marionette/sync.js:223:10
interaction.flushEventLoop@chrome://remote/content/marionette/interaction.js:431:10
webdriverClickElement@chrome://remote/content/marionette/interaction.js:179:31
]]></system-err>
  </testcase>
  <testcase name="verifyChangingProductCountAndRemovingFromBasket" classname="com.ss.ita.rozetka.test.BasketTest" time="79.152"/>
  <testcase name="verifyTotalPriceOfTwoProductsIsCorrect" classname="com.ss.ita.rozetka.test.BasketTest" time="93.136"/>
</testsuite>